2025-04-26 08:09:28,602 DEBUG: Creating converter from 3 to 5
2025-04-26 08:09:28,757 WARNING: Compiled the loaded model, but the compiled metrics have yet to be built. `model.compile_metrics` will be empty until you train or evaluate the model.
2025-04-26 08:09:29,877 DEBUG: CoInitializeEx(None, 2)
2025-04-26 08:09:29,949 INFO: Imported existing <module 'comtypes.gen' from 'C:\\Users\\Nikhil Rawat\\AppData\\Local\\Packages\\PythonSoftwareFoundation.Python.3.11_qbz5n2kfra8p0\\LocalCache\\local-packages\\Python311\\site-packages\\comtypes\\gen\\__init__.py'>
2025-04-26 08:09:29,949 INFO: Using writeable comtypes cache directory: 'C:\Users\Nikhil Rawat\AppData\Local\Packages\PythonSoftwareFoundation.Python.3.11_qbz5n2kfra8p0\LocalCache\local-packages\Python311\site-packages\comtypes\gen'
2025-04-26 08:09:30,045 DEBUG: SAPI.SPVoice -> {96749377-3391-11D2-9EE3-00C04F797396}
2025-04-26 08:09:30,045 DEBUG: CoCreateInstance({96749377-3391-11D2-9EE3-00C04F797396}, clsctx=None, interface=None)
2025-04-26 08:09:30,065 DEBUG: GetBestInterface(<POINTER(IUnknown) ptr=0x1f6089528c0 at 1f624659b50>)
2025-04-26 08:09:30,065 DEBUG: Does implement IProvideClassInfo
2025-04-26 08:09:30,069 DEBUG: Default interface is {269316D8-57BD-11D2-9EEE-00C04F797396}
2025-04-26 08:09:30,070 DEBUG: Release <POINTER(IUnknown) ptr=0x1f608952900 at 1f624659fd0>
2025-04-26 08:09:30,070 DEBUG: GetModule(TLIBATTR(GUID={C866CA3A-32F7-11D2-9602-00C04F8EE628}, Version=5.4, LCID=0, FLags=0x8))
2025-04-26 08:09:30,070 DEBUG: Implements default interface from typeinfo <class 'comtypes.gen._C866CA3A_32F7_11D2_9602_00C04F8EE628_0_5_4.ISpeechVoice'>
2025-04-26 08:09:30,070 DEBUG: Final result is <POINTER(ISpeechVoice) ptr=0x1f608952900 at 1f624659f50>
2025-04-26 08:09:30,070 DEBUG: Release <POINTER(IProvideClassInfo) ptr=0x1f608952920 at 1f624659bd0>
2025-04-26 08:09:30,071 DEBUG: Release <POINTER(ITypeInfo) ptr=0x1f622b64048 at 1f624659c50>
2025-04-26 08:09:30,071 DEBUG: Release <POINTER(ITypeInfo) ptr=0x1f622b640a0 at 1f624659dd0>
2025-04-26 08:09:30,071 DEBUG: Release <POINTER(ITypeLib) ptr=0x1f622254580 at 1f624659fd0>
2025-04-26 08:09:30,071 DEBUG: Release <POINTER(IUnknown) ptr=0x1f6089528c0 at 1f624659b50>
2025-04-26 08:09:30,072 DEBUG: <POINTER(ISpeechVoice) ptr=0x1f608952900 at 1f624659f50> using sinkinterface from clsid <class 'comtypes.gen._C866CA3A_32F7_11D2_9602_00C04F8EE628_0_5_4._ISpeechVoiceEvents'>
2025-04-26 08:09:30,072 DEBUG: Release <POINTER(IProvideClassInfo2) ptr=0x1f608952920 at 1f6241fb850>
2025-04-26 08:09:30,073 DEBUG: <comtypes.client._events.CreateEventReceiver.<locals>.Sink object at 0x000001F624653E10>: _ISpeechVoiceEvents.VoiceChange not implemented
2025-04-26 08:09:30,073 DEBUG: <comtypes.client._events.CreateEventReceiver.<locals>.Sink object at 0x000001F624653E10>: _ISpeechVoiceEvents.Bookmark not implemented
2025-04-26 08:09:30,073 DEBUG: <comtypes.client._events.CreateEventReceiver.<locals>.Sink object at 0x000001F624653E10>: _ISpeechVoiceEvents.Word not implemented
2025-04-26 08:09:30,073 DEBUG: <comtypes.client._events.CreateEventReceiver.<locals>.Sink object at 0x000001F624653E10>: _ISpeechVoiceEvents.Sentence not implemented
2025-04-26 08:09:30,073 DEBUG: <comtypes.client._events.CreateEventReceiver.<locals>.Sink object at 0x000001F624653E10>: _ISpeechVoiceEvents.Phoneme not implemented
2025-04-26 08:09:30,073 DEBUG: <comtypes.client._events.CreateEventReceiver.<locals>.Sink object at 0x000001F624653E10>: _ISpeechVoiceEvents.Viseme not implemented
2025-04-26 08:09:30,073 DEBUG: <comtypes.client._events.CreateEventReceiver.<locals>.Sink object at 0x000001F624653E10>: _ISpeechVoiceEvents.AudioLevel not implemented
2025-04-26 08:09:30,073 DEBUG: <comtypes.client._events.CreateEventReceiver.<locals>.Sink object at 0x000001F624653E10>: _ISpeechVoiceEvents.EnginePrivate not implemented
2025-04-26 08:09:30,074 DEBUG: Start advise <class 'comtypes.gen._C866CA3A_32F7_11D2_9602_00C04F8EE628_0_5_4._ISpeechVoiceEvents'>
2025-04-26 08:09:30,074 DEBUG: <comtypes.client._events.CreateEventReceiver.<locals>.Sink object at 0x000001F624653E10>.QueryInterface({A372ACD1-3BEF-4BBD-8FFB-CB3E2B416AF8}) -> S_OK
2025-04-26 08:09:30,074 DEBUG: 1 active COM objects: Added   <comtypes.client._events.CreateEventReceiver.<locals>.Sink object at 0x000001F624653E10>
2025-04-26 08:09:30,074 DEBUG: <comtypes.client._events.CreateEventReceiver.<locals>.Sink object at 0x000001F624653E10>.AddRef() -> 1
2025-04-26 08:09:30,079 DEBUG: Release <POINTER(IConnectionPointContainer) ptr=0x1f608952928 at 1f62465b3d0>
2025-04-26 08:09:30,281 DEBUG: wrap_outparam(<POINTER(ISpeechObjectToken) ptr=0x1f605284f10 at 1f62465b3d0>)
2025-04-26 08:09:30,282 DEBUG: Release <POINTER(ISpeechObjectToken) ptr=0x1f605284f10 at 1f62465b3d0>
2025-04-26 08:09:30,283 DEBUG: wrap_outparam(<POINTER(ISpeechObjectTokens) ptr=0x1f62534b000 at 1f62465b3d0>)
2025-04-26 08:09:30,283 DEBUG: Release <POINTER(IUnknown) ptr=0x1f6253b9100 at 1f62465b5d0>
2025-04-26 08:09:30,283 DEBUG: wrap_outparam(<POINTER(IDispatch) ptr=0x1f61dc1bb90 at 1f62465b650>)
2025-04-26 08:09:30,284 DEBUG: GetBestInterface(<POINTER(IDispatch) ptr=0x1f61dc1bb90 at 1f62465b650>)
2025-04-26 08:09:30,284 DEBUG: Does NOT implement IProvideClassInfo, trying IProvideClassInfo2
2025-04-26 08:09:30,285 DEBUG: Does NOT implement IProvideClassInfo/IProvideClassInfo2
2025-04-26 08:09:30,286 DEBUG: Release <POINTER(IUnknown) ptr=0x1f622b64150 at 1f62465b850>
2025-04-26 08:09:30,286 DEBUG: Default interface is {C74A3ADC-B727-4500-A84A-B526721C8B8C}
2025-04-26 08:09:30,286 DEBUG: Release <POINTER(IUnknown) ptr=0x1f61dc1bb90 at 1f62465b950>
2025-04-26 08:09:30,286 DEBUG: GetModule(TLIBATTR(GUID={C866CA3A-32F7-11D2-9602-00C04F8EE628}, Version=5.4, LCID=0, FLags=0x8))
2025-04-26 08:09:30,286 DEBUG: Implements default interface from typeinfo <class 'comtypes.gen._C866CA3A_32F7_11D2_9602_00C04F8EE628_0_5_4.ISpeechObjectToken'>
2025-04-26 08:09:30,287 DEBUG: Final result is <POINTER(ISpeechObjectToken) ptr=0x1f61dc1bb90 at 1f62465b850>
2025-04-26 08:09:30,287 DEBUG: Release <POINTER(IDispatch) ptr=0x1f61dc1bb90 at 1f62465b7d0>
2025-04-26 08:09:30,287 DEBUG: Release <POINTER(ITypeInfo) ptr=0x1f622b64150 at 1f62465b8d0>
2025-04-26 08:09:30,287 DEBUG: Release <POINTER(ITypeLib) ptr=0x1f622254580 at 1f62465b950>
2025-04-26 08:09:30,287 DEBUG: Release <POINTER(IDispatch) ptr=0x1f61dc1bb90 at 1f62465b650>
2025-04-26 08:09:30,287 DEBUG: Release <POINTER(IEnumVARIANT) ptr=0x1f6253b9100 at 1f62465b4d0>
2025-04-26 08:09:30,287 DEBUG: Release <POINTER(ISpeechObjectTokens) ptr=0x1f62534b000 at 1f62465b3d0>
2025-04-26 08:09:30,287 DEBUG: Release <POINTER(ISpeechObjectToken) ptr=0x1f61dc1bb90 at 1f62465b850>
2025-04-26 08:09:40,449 DEBUG: Frame dimensions: (480, 640, 3)
2025-04-26 08:09:40,511 DEBUG: Frame dimensions: (480, 640, 3)
2025-04-26 08:09:40,538 DEBUG: Frame dimensions: (480, 640, 3)
2025-04-26 08:09:40,616 DEBUG: No hand detected
2025-04-26 08:09:40,646 DEBUG: Frame dimensions: (480, 640, 3)
2025-04-26 08:09:40,675 DEBUG: Frame dimensions: (480, 640, 3)
2025-04-26 08:09:40,706 DEBUG: Frame dimensions: (480, 640, 3)
2025-04-26 08:09:40,750 DEBUG: No hand detected
2025-04-26 08:09:40,785 DEBUG: Frame dimensions: (480, 640, 3)
2025-04-26 08:09:40,816 DEBUG: Frame dimensions: (480, 640, 3)
2025-04-26 08:09:40,847 DEBUG: Frame dimensions: (480, 640, 3)
2025-04-26 08:09:40,892 DEBUG: No hand detected
2025-04-26 08:09:40,924 DEBUG: Frame dimensions: (480, 640, 3)
2025-04-26 08:09:40,954 DEBUG: Frame dimensions: (480, 640, 3)
2025-04-26 08:09:40,985 DEBUG: Frame dimensions: (480, 640, 3)
2025-04-26 08:09:41,034 DEBUG: No hand detected
2025-04-26 08:09:41,063 DEBUG: Frame dimensions: (480, 640, 3)
2025-04-26 08:09:41,094 DEBUG: Frame dimensions: (480, 640, 3)
2025-04-26 08:09:41,124 DEBUG: Frame dimensions: (480, 640, 3)
2025-04-26 08:09:41,168 DEBUG: No hand detected
2025-04-26 08:09:41,202 DEBUG: Frame dimensions: (480, 640, 3)
2025-04-26 08:09:41,233 DEBUG: Frame dimensions: (480, 640, 3)
2025-04-26 08:09:41,264 DEBUG: Frame dimensions: (480, 640, 3)
2025-04-26 08:09:41,307 DEBUG: No hand detected
2025-04-26 08:09:41,342 DEBUG: Frame dimensions: (480, 640, 3)
2025-04-26 08:09:41,373 DEBUG: Frame dimensions: (480, 640, 3)
2025-04-26 08:09:41,404 DEBUG: Frame dimensions: (480, 640, 3)
2025-04-26 08:09:41,447 DEBUG: No hand detected
2025-04-26 08:09:41,483 DEBUG: Frame dimensions: (480, 640, 3)
2025-04-26 08:09:41,514 DEBUG: Frame dimensions: (480, 640, 3)
2025-04-26 08:09:41,546 DEBUG: Frame dimensions: (480, 640, 3)
2025-04-26 08:09:41,590 DEBUG: No hand detected
2025-04-26 08:09:41,623 DEBUG: Frame dimensions: (480, 640, 3)
2025-04-26 08:09:41,656 DEBUG: Frame dimensions: (480, 640, 3)
2025-04-26 08:09:41,687 DEBUG: Frame dimensions: (480, 640, 3)
2025-04-26 08:09:41,730 DEBUG: No hand detected
2025-04-26 08:09:41,763 DEBUG: Frame dimensions: (480, 640, 3)
2025-04-26 08:09:41,795 DEBUG: Frame dimensions: (480, 640, 3)
2025-04-26 08:09:41,826 DEBUG: Frame dimensions: (480, 640, 3)
2025-04-26 08:09:41,869 DEBUG: No hand detected
2025-04-26 08:09:41,904 DEBUG: Frame dimensions: (480, 640, 3)
2025-04-26 08:09:41,935 DEBUG: Frame dimensions: (480, 640, 3)
2025-04-26 08:09:41,966 DEBUG: Frame dimensions: (480, 640, 3)
2025-04-26 08:09:42,009 DEBUG: No hand detected
2025-04-26 08:09:42,044 DEBUG: Frame dimensions: (480, 640, 3)
2025-04-26 08:09:42,075 DEBUG: Frame dimensions: (480, 640, 3)
2025-04-26 08:09:42,107 DEBUG: Frame dimensions: (480, 640, 3)
2025-04-26 08:09:42,154 DEBUG: No hand detected
2025-04-26 08:09:42,183 DEBUG: Frame dimensions: (480, 640, 3)
2025-04-26 08:09:42,214 DEBUG: Frame dimensions: (480, 640, 3)
2025-04-26 08:09:42,246 DEBUG: Frame dimensions: (480, 640, 3)
2025-04-26 08:09:42,289 DEBUG: No hand detected
2025-04-26 08:09:42,325 DEBUG: Frame dimensions: (480, 640, 3)
2025-04-26 08:09:42,356 DEBUG: Frame dimensions: (480, 640, 3)
2025-04-26 08:09:42,387 DEBUG: Frame dimensions: (480, 640, 3)
2025-04-26 08:09:42,431 DEBUG: No hand detected
2025-04-26 08:09:42,464 DEBUG: Frame dimensions: (480, 640, 3)
2025-04-26 08:09:42,494 DEBUG: Frame dimensions: (480, 640, 3)
2025-04-26 08:09:42,525 DEBUG: Frame dimensions: (480, 640, 3)
2025-04-26 08:09:42,547 DEBUG: No hand detected
2025-04-26 08:09:42,570 DEBUG: Frame dimensions: (480, 640, 3)
2025-04-26 08:09:42,604 DEBUG: Frame dimensions: (480, 640, 3)
2025-04-26 08:09:42,633 DEBUG: Frame dimensions: (480, 640, 3)
2025-04-26 08:09:42,661 DEBUG: No hand detected
2025-04-26 08:09:42,695 DEBUG: Frame dimensions: (480, 640, 3)
2025-04-26 08:09:42,726 DEBUG: Frame dimensions: (480, 640, 3)
2025-04-26 08:09:42,757 DEBUG: Frame dimensions: (480, 640, 3)
2025-04-26 08:09:42,785 DEBUG: No hand detected
2025-04-26 08:09:42,819 DEBUG: Frame dimensions: (480, 640, 3)
2025-04-26 08:09:42,850 DEBUG: Frame dimensions: (480, 640, 3)
2025-04-26 08:09:42,881 DEBUG: Frame dimensions: (480, 640, 3)
2025-04-26 08:09:42,918 DEBUG: No hand detected
2025-04-26 08:09:42,942 DEBUG: Frame dimensions: (480, 640, 3)
2025-04-26 08:09:42,974 DEBUG: Frame dimensions: (480, 640, 3)
2025-04-26 08:09:43,005 DEBUG: Frame dimensions: (480, 640, 3)
2025-04-26 08:09:43,064 DEBUG: No hand detected
2025-04-26 08:09:43,099 DEBUG: Frame dimensions: (480, 640, 3)
2025-04-26 08:09:43,131 DEBUG: Frame dimensions: (480, 640, 3)
2025-04-26 08:09:43,162 DEBUG: Frame dimensions: (480, 640, 3)
2025-04-26 08:09:43,206 DEBUG: No hand detected
2025-04-26 08:09:43,230 DEBUG: Frame dimensions: (480, 640, 3)
2025-04-26 08:09:43,251 DEBUG: Frame dimensions: (480, 640, 3)
2025-04-26 08:09:43,272 DEBUG: Frame dimensions: (480, 640, 3)
2025-04-26 08:09:43,314 DEBUG: No hand detected
2025-04-26 08:09:43,338 DEBUG: Frame dimensions: (480, 640, 3)
2025-04-26 08:09:43,365 DEBUG: Frame dimensions: (480, 640, 3)
2025-04-26 08:09:43,390 DEBUG: Frame dimensions: (480, 640, 3)
2025-04-26 08:09:43,435 DEBUG: No hand detected
2025-04-26 08:09:43,459 DEBUG: Frame dimensions: (480, 640, 3)
2025-04-26 08:09:43,489 DEBUG: Frame dimensions: (480, 640, 3)
2025-04-26 08:09:43,521 DEBUG: Frame dimensions: (480, 640, 3)
2025-04-26 08:09:43,564 DEBUG: No hand detected
2025-04-26 08:09:43,597 DEBUG: Frame dimensions: (480, 640, 3)
2025-04-26 08:09:43,629 DEBUG: Frame dimensions: (480, 640, 3)
2025-04-26 08:09:43,660 DEBUG: Frame dimensions: (480, 640, 3)
2025-04-26 08:09:43,703 DEBUG: No hand detected
2025-04-26 08:09:43,724 DEBUG: Frame dimensions: (480, 640, 3)
2025-04-26 08:09:43,747 DEBUG: Frame dimensions: (480, 640, 3)
2025-04-26 08:09:43,773 DEBUG: Frame dimensions: (480, 640, 3)
2025-04-26 08:09:43,816 DEBUG: No hand detected
2025-04-26 08:09:43,838 DEBUG: Frame dimensions: (480, 640, 3)
2025-04-26 08:09:43,865 DEBUG: Frame dimensions: (480, 640, 3)
2025-04-26 08:09:43,897 DEBUG: Frame dimensions: (480, 640, 3)
2025-04-26 08:09:43,940 DEBUG: No hand detected
2025-04-26 08:09:43,963 DEBUG: Frame dimensions: (480, 640, 3)
2025-04-26 08:09:43,995 DEBUG: Frame dimensions: (480, 640, 3)
2025-04-26 08:09:44,018 DEBUG: Frame dimensions: (480, 640, 3)
2025-04-26 08:09:44,060 DEBUG: No hand detected
2025-04-26 08:09:44,081 DEBUG: Frame dimensions: (480, 640, 3)
2025-04-26 08:09:44,111 DEBUG: Frame dimensions: (480, 640, 3)
2025-04-26 08:09:44,132 DEBUG: Frame dimensions: (480, 640, 3)
2025-04-26 08:09:44,176 DEBUG: No hand detected
2025-04-26 08:09:44,204 DEBUG: Frame dimensions: (480, 640, 3)
2025-04-26 08:09:44,237 DEBUG: Frame dimensions: (480, 640, 3)
2025-04-26 08:09:44,268 DEBUG: Frame dimensions: (480, 640, 3)
2025-04-26 08:09:44,313 DEBUG: No hand detected
2025-04-26 08:09:44,500 DEBUG: Frame dimensions: (480, 640, 3)
2025-04-26 08:09:44,528 DEBUG: Frame dimensions: (480, 640, 3)
2025-04-26 08:09:44,554 DEBUG: Frame dimensions: (480, 640, 3)
2025-04-26 08:09:44,601 DEBUG: No hand detected
2025-04-26 08:09:44,661 DEBUG: Frame dimensions: (480, 640, 3)
2025-04-26 08:09:44,686 DEBUG: Frame dimensions: (480, 640, 3)
2025-04-26 08:09:44,709 DEBUG: Frame dimensions: (480, 640, 3)
2025-04-26 08:09:44,766 DEBUG: No hand detected
2025-04-26 08:09:44,790 DEBUG: Frame dimensions: (480, 640, 3)
2025-04-26 08:09:44,820 DEBUG: Frame dimensions: (480, 640, 3)
2025-04-26 08:09:44,847 DEBUG: Frame dimensions: (480, 640, 3)
2025-04-26 08:09:44,901 DEBUG: No hand detected
2025-04-26 08:09:44,924 DEBUG: Frame dimensions: (480, 640, 3)
2025-04-26 08:09:44,952 DEBUG: Frame dimensions: (480, 640, 3)
2025-04-26 08:09:44,980 DEBUG: Frame dimensions: (480, 640, 3)
2025-04-26 08:09:45,032 DEBUG: No hand detected
2025-04-26 08:09:45,060 DEBUG: Frame dimensions: (480, 640, 3)
2025-04-26 08:09:45,090 DEBUG: Frame dimensions: (480, 640, 3)
2025-04-26 08:09:45,121 DEBUG: Frame dimensions: (480, 640, 3)
2025-04-26 08:09:45,166 DEBUG: No hand detected
2025-04-26 08:09:45,198 DEBUG: Frame dimensions: (480, 640, 3)
2025-04-26 08:09:45,230 DEBUG: Frame dimensions: (480, 640, 3)
2025-04-26 08:09:45,255 DEBUG: Frame dimensions: (480, 640, 3)
2025-04-26 08:09:45,302 DEBUG: No hand detected
2025-04-26 08:09:45,335 DEBUG: Frame dimensions: (480, 640, 3)
2025-04-26 08:09:45,371 DEBUG: Frame dimensions: (480, 640, 3)
2025-04-26 08:09:45,402 DEBUG: Frame dimensions: (480, 640, 3)
2025-04-26 08:09:45,430 DEBUG: No hand detected
2025-04-26 08:09:45,464 DEBUG: Frame dimensions: (480, 640, 3)
2025-04-26 08:09:45,495 DEBUG: Frame dimensions: (480, 640, 3)
2025-04-26 08:09:45,519 DEBUG: Frame dimensions: (480, 640, 3)
2025-04-26 08:09:45,569 DEBUG: No hand detected
2025-04-26 08:09:45,605 DEBUG: Frame dimensions: (480, 640, 3)
2025-04-26 08:09:45,638 DEBUG: Frame dimensions: (480, 640, 3)
2025-04-26 08:09:45,668 DEBUG: Frame dimensions: (480, 640, 3)
2025-04-26 08:09:45,719 DEBUG: No hand detected
2025-04-26 08:09:45,746 DEBUG: Frame dimensions: (480, 640, 3)
2025-04-26 08:09:45,775 DEBUG: Frame dimensions: (480, 640, 3)
2025-04-26 08:09:45,807 DEBUG: Frame dimensions: (480, 640, 3)
2025-04-26 08:09:45,850 DEBUG: No hand detected
2025-04-26 08:09:45,885 DEBUG: Frame dimensions: (480, 640, 3)
2025-04-26 08:09:45,917 DEBUG: Frame dimensions: (480, 640, 3)
2025-04-26 08:09:45,948 DEBUG: Frame dimensions: (480, 640, 3)
2025-04-26 08:09:46,002 DEBUG: No hand detected
2025-04-26 08:09:46,027 DEBUG: Frame dimensions: (480, 640, 3)
2025-04-26 08:09:46,056 DEBUG: Frame dimensions: (480, 640, 3)
2025-04-26 08:09:46,082 DEBUG: Frame dimensions: (480, 640, 3)
2025-04-26 08:09:46,124 DEBUG: No hand detected
2025-04-26 08:09:46,151 DEBUG: Frame dimensions: (480, 640, 3)
2025-04-26 08:09:46,174 DEBUG: Frame dimensions: (480, 640, 3)
2025-04-26 08:09:46,217 DEBUG: Frame dimensions: (480, 640, 3)
2025-04-26 08:09:46,260 DEBUG: No hand detected
2025-04-26 08:09:46,290 DEBUG: Frame dimensions: (480, 640, 3)
2025-04-26 08:09:46,322 DEBUG: Frame dimensions: (480, 640, 3)
2025-04-26 08:09:46,354 DEBUG: Frame dimensions: (480, 640, 3)
2025-04-26 08:09:46,396 DEBUG: No hand detected
2025-04-26 08:09:46,430 DEBUG: Frame dimensions: (480, 640, 3)
2025-04-26 08:09:46,685 DEBUG: Frame dimensions: (480, 640, 3)
2025-04-26 08:09:46,715 DEBUG: Frame dimensions: (480, 640, 3)
2025-04-26 08:09:46,759 DEBUG: No hand detected
2025-04-26 08:09:46,790 DEBUG: Frame dimensions: (480, 640, 3)
2025-04-26 08:09:46,817 DEBUG: Frame dimensions: (480, 640, 3)
2025-04-26 08:09:46,848 DEBUG: Frame dimensions: (480, 640, 3)
2025-04-26 08:09:46,893 DEBUG: No hand detected
2025-04-26 08:09:46,926 DEBUG: Frame dimensions: (480, 640, 3)
2025-04-26 08:09:46,958 DEBUG: Frame dimensions: (480, 640, 3)
2025-04-26 08:09:46,990 DEBUG: Frame dimensions: (480, 640, 3)
2025-04-26 08:09:47,033 DEBUG: No hand detected
2025-04-26 08:09:47,069 DEBUG: Frame dimensions: (480, 640, 3)
2025-04-26 08:09:47,099 DEBUG: Frame dimensions: (480, 640, 3)
2025-04-26 08:09:47,129 DEBUG: Frame dimensions: (480, 640, 3)
2025-04-26 08:09:47,192 DEBUG: No hand detected
2025-04-26 08:09:47,221 DEBUG: Frame dimensions: (480, 640, 3)
2025-04-26 08:09:47,252 DEBUG: Frame dimensions: (480, 640, 3)
2025-04-26 08:09:47,281 DEBUG: Frame dimensions: (480, 640, 3)
2025-04-26 08:09:47,305 DEBUG: No hand detected
2025-04-26 08:09:47,329 DEBUG: Frame dimensions: (480, 640, 3)
2025-04-26 08:09:47,350 DEBUG: Frame dimensions: (480, 640, 3)
2025-04-26 08:09:47,371 DEBUG: Frame dimensions: (480, 640, 3)
2025-04-26 08:09:47,415 DEBUG: No hand detected
2025-04-26 08:09:47,437 DEBUG: Frame dimensions: (480, 640, 3)
2025-04-26 08:09:47,462 DEBUG: Frame dimensions: (480, 640, 3)
2025-04-26 08:09:47,483 DEBUG: Frame dimensions: (480, 640, 3)
2025-04-26 08:09:47,526 DEBUG: No hand detected
2025-04-26 08:09:47,553 DEBUG: Frame dimensions: (480, 640, 3)
2025-04-26 08:09:47,579 DEBUG: Frame dimensions: (480, 640, 3)
2025-04-26 08:09:47,627 DEBUG: Frame dimensions: (480, 640, 3)
2025-04-26 08:09:47,679 DEBUG: No hand detected
2025-04-26 08:09:47,701 DEBUG: Frame dimensions: (480, 640, 3)
2025-04-26 08:09:47,732 DEBUG: Frame dimensions: (480, 640, 3)
2025-04-26 08:09:47,763 DEBUG: Frame dimensions: (480, 640, 3)
2025-04-26 08:09:47,806 DEBUG: No hand detected
2025-04-26 08:09:47,825 DEBUG: Frame dimensions: (480, 640, 3)
2025-04-26 08:09:47,856 DEBUG: Frame dimensions: (480, 640, 3)
2025-04-26 08:09:47,887 DEBUG: Frame dimensions: (480, 640, 3)
2025-04-26 08:09:47,920 DEBUG: No hand detected
2025-04-26 08:09:47,949 DEBUG: Frame dimensions: (480, 640, 3)
2025-04-26 08:09:47,995 DEBUG: Frame dimensions: (480, 640, 3)
2025-04-26 08:09:48,027 DEBUG: Frame dimensions: (480, 640, 3)
2025-04-26 08:09:48,061 DEBUG: No hand detected
2025-04-26 08:09:48,090 DEBUG: Frame dimensions: (480, 640, 3)
2025-04-26 08:09:48,122 DEBUG: Frame dimensions: (480, 640, 3)
2025-04-26 08:09:48,151 DEBUG: Frame dimensions: (480, 640, 3)
2025-04-26 08:09:48,195 DEBUG: No hand detected
2025-04-26 08:09:48,228 DEBUG: Frame dimensions: (480, 640, 3)
2025-04-26 08:09:48,258 DEBUG: Frame dimensions: (480, 640, 3)
2025-04-26 08:09:48,289 DEBUG: Frame dimensions: (480, 640, 3)
2025-04-26 08:09:48,332 DEBUG: No hand detected
2025-04-26 08:09:48,353 DEBUG: Frame dimensions: (480, 640, 3)
2025-04-26 08:09:48,395 DEBUG: Frame dimensions: (480, 640, 3)
2025-04-26 08:09:48,429 DEBUG: Frame dimensions: (480, 640, 3)
2025-04-26 08:09:48,472 DEBUG: No hand detected
2025-04-26 08:09:48,507 DEBUG: Frame dimensions: (480, 640, 3)
2025-04-26 08:09:48,537 DEBUG: Frame dimensions: (480, 640, 3)
2025-04-26 08:09:48,569 DEBUG: Frame dimensions: (480, 640, 3)
2025-04-26 08:09:48,611 DEBUG: No hand detected
2025-04-26 08:09:48,646 DEBUG: Frame dimensions: (480, 640, 3)
2025-04-26 08:09:48,676 DEBUG: Frame dimensions: (480, 640, 3)
2025-04-26 08:09:48,708 DEBUG: Frame dimensions: (480, 640, 3)
2025-04-26 08:09:48,732 DEBUG: No hand detected
2025-04-26 08:09:48,753 DEBUG: Frame dimensions: (480, 640, 3)
2025-04-26 08:09:48,795 DEBUG: Frame dimensions: (480, 640, 3)
2025-04-26 08:09:48,831 DEBUG: Frame dimensions: (480, 640, 3)
2025-04-26 08:09:48,874 DEBUG: No hand detected
2025-04-26 08:09:48,908 DEBUG: Frame dimensions: (480, 640, 3)
2025-04-26 08:09:48,940 DEBUG: Frame dimensions: (480, 640, 3)
2025-04-26 08:09:48,970 DEBUG: Frame dimensions: (480, 640, 3)
2025-04-26 08:09:49,014 DEBUG: No hand detected
2025-04-26 08:09:49,049 DEBUG: Frame dimensions: (480, 640, 3)
2025-04-26 08:09:49,080 DEBUG: Frame dimensions: (480, 640, 3)
2025-04-26 08:09:49,111 DEBUG: Frame dimensions: (480, 640, 3)
2025-04-26 08:09:49,137 DEBUG: No hand detected
2025-04-26 08:09:49,158 DEBUG: Frame dimensions: (480, 640, 3)
2025-04-26 08:09:49,196 DEBUG: Frame dimensions: (480, 640, 3)
2025-04-26 08:09:49,228 DEBUG: Frame dimensions: (480, 640, 3)
2025-04-26 08:09:49,271 DEBUG: No hand detected
2025-04-26 08:09:49,298 DEBUG: Frame dimensions: (480, 640, 3)
2025-04-26 08:09:49,328 DEBUG: Frame dimensions: (480, 640, 3)
2025-04-26 08:09:49,359 DEBUG: Frame dimensions: (480, 640, 3)
2025-04-26 08:09:49,402 DEBUG: No hand detected
2025-04-26 08:09:49,422 DEBUG: Frame dimensions: (480, 640, 3)
2025-04-26 08:09:49,452 DEBUG: Frame dimensions: (480, 640, 3)
2025-04-26 08:09:49,482 DEBUG: Frame dimensions: (480, 640, 3)
2025-04-26 08:09:49,507 DEBUG: No hand detected
2025-04-26 08:09:49,531 DEBUG: Frame dimensions: (480, 640, 3)
2025-04-26 08:09:49,594 DEBUG: Frame dimensions: (480, 640, 3)
2025-04-26 08:09:49,627 DEBUG: Frame dimensions: (480, 640, 3)
2025-04-26 08:09:49,670 DEBUG: No hand detected
2025-04-26 08:09:49,699 DEBUG: Frame dimensions: (480, 640, 3)
2025-04-26 08:09:49,729 DEBUG: Frame dimensions: (480, 640, 3)
2025-04-26 08:09:49,760 DEBUG: Frame dimensions: (480, 640, 3)
2025-04-26 08:09:49,806 INFO: Detected 1 hands
2025-04-26 08:09:49,806 DEBUG: Hand landmarks filtered due to low confidence
2025-04-26 08:09:49,838 DEBUG: Frame dimensions: (480, 640, 3)
2025-04-26 08:09:49,870 DEBUG: Frame dimensions: (480, 640, 3)
2025-04-26 08:09:49,901 DEBUG: Frame dimensions: (480, 640, 3)
2025-04-26 08:09:49,921 INFO: Detected 1 hands
2025-04-26 08:09:49,921 DEBUG: Hand landmarks filtered due to low confidence
2025-04-26 08:09:49,949 DEBUG: Frame dimensions: (480, 640, 3)
2025-04-26 08:09:49,995 DEBUG: Frame dimensions: (480, 640, 3)
2025-04-26 08:09:50,027 DEBUG: Frame dimensions: (480, 640, 3)
2025-04-26 08:09:50,047 INFO: Detected 1 hands
2025-04-26 08:09:50,047 DEBUG: Hand landmarks filtered due to low confidence
2025-04-26 08:09:50,070 DEBUG: Frame dimensions: (480, 640, 3)
2025-04-26 08:09:50,102 DEBUG: Frame dimensions: (480, 640, 3)
2025-04-26 08:09:50,134 DEBUG: Frame dimensions: (480, 640, 3)
2025-04-26 08:09:50,155 INFO: Detected 1 hands
2025-04-26 08:09:50,155 DEBUG: Hand landmarks filtered due to low confidence
2025-04-26 08:09:50,180 DEBUG: Frame dimensions: (480, 640, 3)
2025-04-26 08:09:50,211 DEBUG: Frame dimensions: (480, 640, 3)
2025-04-26 08:09:50,242 DEBUG: Frame dimensions: (480, 640, 3)
2025-04-26 08:09:50,268 INFO: Detected 1 hands
2025-04-26 08:09:50,268 DEBUG: Hand landmarks filtered due to low confidence
2025-04-26 08:09:50,289 DEBUG: Frame dimensions: (480, 640, 3)
2025-04-26 08:09:50,320 DEBUG: Frame dimensions: (480, 640, 3)
2025-04-26 08:09:50,351 DEBUG: Frame dimensions: (480, 640, 3)
2025-04-26 08:09:50,371 INFO: Detected 1 hands
2025-04-26 08:09:50,371 DEBUG: Hand landmarks filtered due to low confidence
2025-04-26 08:09:50,398 DEBUG: Frame dimensions: (480, 640, 3)
2025-04-26 08:09:50,428 DEBUG: Frame dimensions: (480, 640, 3)
2025-04-26 08:09:50,459 DEBUG: Frame dimensions: (480, 640, 3)
2025-04-26 08:09:50,480 INFO: Detected 1 hands
2025-04-26 08:09:50,480 DEBUG: Hand landmarks filtered due to low confidence
2025-04-26 08:09:50,506 DEBUG: Frame dimensions: (480, 640, 3)
2025-04-26 08:09:50,540 DEBUG: Frame dimensions: (480, 640, 3)
2025-04-26 08:09:50,568 DEBUG: Frame dimensions: (480, 640, 3)
2025-04-26 08:09:50,589 INFO: Detected 1 hands
2025-04-26 08:09:50,589 DEBUG: Hand landmarks filtered due to low confidence
2025-04-26 08:09:50,615 DEBUG: Frame dimensions: (480, 640, 3)
2025-04-26 08:09:50,646 DEBUG: Frame dimensions: (480, 640, 3)
2025-04-26 08:09:50,677 DEBUG: Frame dimensions: (480, 640, 3)
2025-04-26 08:09:50,699 INFO: Detected 1 hands
2025-04-26 08:09:50,699 DEBUG: Hand landmarks filtered due to low confidence
2025-04-26 08:09:50,724 DEBUG: Frame dimensions: (480, 640, 3)
2025-04-26 08:09:50,756 DEBUG: Frame dimensions: (480, 640, 3)
2025-04-26 08:09:50,789 DEBUG: Frame dimensions: (480, 640, 3)
2025-04-26 08:09:50,810 INFO: Detected 1 hands
2025-04-26 08:09:50,810 DEBUG: Hand landmarks filtered due to low confidence
2025-04-26 08:09:50,836 DEBUG: Frame dimensions: (480, 640, 3)
2025-04-26 08:09:50,866 DEBUG: Frame dimensions: (480, 640, 3)
2025-04-26 08:09:50,898 DEBUG: Frame dimensions: (480, 640, 3)
2025-04-26 08:09:50,920 INFO: Detected 1 hands
2025-04-26 08:09:50,920 DEBUG: Hand landmarks filtered due to low confidence
2025-04-26 08:09:50,945 DEBUG: Frame dimensions: (480, 640, 3)
2025-04-26 08:09:50,977 DEBUG: Frame dimensions: (480, 640, 3)
2025-04-26 08:09:51,008 DEBUG: Frame dimensions: (480, 640, 3)
2025-04-26 08:09:51,027 INFO: Detected 1 hands
2025-04-26 08:09:51,027 DEBUG: Hand landmarks filtered due to low confidence
2025-04-26 08:09:51,054 DEBUG: Frame dimensions: (480, 640, 3)
2025-04-26 08:09:51,087 DEBUG: Frame dimensions: (480, 640, 3)
2025-04-26 08:09:51,116 DEBUG: Frame dimensions: (480, 640, 3)
2025-04-26 08:09:51,138 INFO: Detected 1 hands
2025-04-26 08:09:51,138 DEBUG: Hand landmarks filtered due to low confidence
2025-04-26 08:09:51,163 DEBUG: Frame dimensions: (480, 640, 3)
2025-04-26 08:09:51,195 DEBUG: Frame dimensions: (480, 640, 3)
2025-04-26 08:09:51,226 DEBUG: Frame dimensions: (480, 640, 3)
2025-04-26 08:09:51,262 INFO: Detected 1 hands
2025-04-26 08:09:51,262 DEBUG: Hand landmarks filtered due to low confidence
2025-04-26 08:09:51,287 DEBUG: Frame dimensions: (480, 640, 3)
2025-04-26 08:09:51,319 DEBUG: Frame dimensions: (480, 640, 3)
2025-04-26 08:09:51,350 DEBUG: Frame dimensions: (480, 640, 3)
2025-04-26 08:09:51,371 INFO: Detected 1 hands
2025-04-26 08:09:51,371 DEBUG: Hand landmarks filtered due to low confidence
2025-04-26 08:09:51,397 DEBUG: Frame dimensions: (480, 640, 3)
2025-04-26 08:09:51,429 DEBUG: Frame dimensions: (480, 640, 3)
2025-04-26 08:09:51,458 DEBUG: Frame dimensions: (480, 640, 3)
2025-04-26 08:09:51,479 INFO: Detected 1 hands
2025-04-26 08:09:51,481 DEBUG: Hand landmarks filtered due to low confidence
2025-04-26 08:09:51,504 DEBUG: Frame dimensions: (480, 640, 3)
2025-04-26 08:09:51,537 DEBUG: Frame dimensions: (480, 640, 3)
2025-04-26 08:09:51,565 DEBUG: Frame dimensions: (480, 640, 3)
2025-04-26 08:09:51,586 INFO: Detected 1 hands
2025-04-26 08:09:51,586 DEBUG: Hand landmarks filtered due to low confidence
2025-04-26 08:09:51,612 DEBUG: Frame dimensions: (480, 640, 3)
2025-04-26 08:09:51,643 DEBUG: Frame dimensions: (480, 640, 3)
2025-04-26 08:09:51,674 DEBUG: Frame dimensions: (480, 640, 3)
2025-04-26 08:09:51,695 INFO: Detected 1 hands
2025-04-26 08:09:51,695 DEBUG: Hand landmarks filtered due to low confidence
2025-04-26 08:09:51,721 DEBUG: Frame dimensions: (480, 640, 3)
2025-04-26 08:09:51,753 DEBUG: Frame dimensions: (480, 640, 3)
2025-04-26 08:09:51,782 DEBUG: Frame dimensions: (480, 640, 3)
2025-04-26 08:09:51,805 INFO: Detected 1 hands
2025-04-26 08:09:51,805 DEBUG: Hand landmarks filtered due to low confidence
2025-04-26 08:09:51,829 DEBUG: Frame dimensions: (480, 640, 3)
2025-04-26 08:09:51,860 DEBUG: Frame dimensions: (480, 640, 3)
2025-04-26 08:09:51,892 DEBUG: Frame dimensions: (480, 640, 3)
2025-04-26 08:09:51,913 INFO: Detected 1 hands
2025-04-26 08:09:51,914 DEBUG: Hand landmarks filtered due to low confidence
2025-04-26 08:09:51,938 DEBUG: Frame dimensions: (480, 640, 3)
2025-04-26 08:09:51,969 DEBUG: Frame dimensions: (480, 640, 3)
2025-04-26 08:09:52,001 DEBUG: Frame dimensions: (480, 640, 3)
2025-04-26 08:09:52,024 INFO: Detected 1 hands
2025-04-26 08:09:52,024 DEBUG: Hand landmarks filtered due to low confidence
2025-04-26 08:09:52,048 DEBUG: Frame dimensions: (480, 640, 3)
2025-04-26 08:09:52,080 DEBUG: Frame dimensions: (480, 640, 3)
2025-04-26 08:09:52,110 DEBUG: Frame dimensions: (480, 640, 3)
2025-04-26 08:09:52,131 INFO: Detected 1 hands
2025-04-26 08:09:52,131 DEBUG: Hand landmarks filtered due to low confidence
2025-04-26 08:09:52,156 DEBUG: Frame dimensions: (480, 640, 3)
2025-04-26 08:09:52,188 DEBUG: Frame dimensions: (480, 640, 3)
2025-04-26 08:09:52,219 DEBUG: Frame dimensions: (480, 640, 3)
2025-04-26 08:09:52,239 INFO: Detected 1 hands
2025-04-26 08:09:52,239 DEBUG: Hand landmarks filtered due to low confidence
2025-04-26 08:09:52,264 DEBUG: Frame dimensions: (480, 640, 3)
2025-04-26 08:09:52,295 DEBUG: Frame dimensions: (480, 640, 3)
2025-04-26 08:09:52,325 DEBUG: Frame dimensions: (480, 640, 3)
2025-04-26 08:09:52,347 INFO: Detected 1 hands
2025-04-26 08:09:52,347 DEBUG: Hand landmarks filtered due to low confidence
2025-04-26 08:09:52,372 DEBUG: Frame dimensions: (480, 640, 3)
2025-04-26 08:09:52,403 DEBUG: Frame dimensions: (480, 640, 3)
2025-04-26 08:09:52,434 DEBUG: Frame dimensions: (480, 640, 3)
2025-04-26 08:09:52,456 INFO: Detected 1 hands
2025-04-26 08:09:52,456 DEBUG: Hand landmarks filtered due to low confidence
2025-04-26 08:09:52,479 DEBUG: Frame dimensions: (480, 640, 3)
2025-04-26 08:09:52,510 DEBUG: Frame dimensions: (480, 640, 3)
2025-04-26 08:09:52,541 DEBUG: Frame dimensions: (480, 640, 3)
2025-04-26 08:09:52,562 INFO: Detected 1 hands
2025-04-26 08:09:52,562 DEBUG: Hand landmarks filtered due to low confidence
2025-04-26 08:09:52,588 DEBUG: Frame dimensions: (480, 640, 3)
2025-04-26 08:09:52,620 DEBUG: Frame dimensions: (480, 640, 3)
2025-04-26 08:09:52,649 DEBUG: Frame dimensions: (480, 640, 3)
2025-04-26 08:09:52,669 INFO: Detected 1 hands
2025-04-26 08:09:52,670 DEBUG: Hand landmarks filtered due to low confidence
2025-04-26 08:09:52,695 DEBUG: Frame dimensions: (480, 640, 3)
2025-04-26 08:09:52,727 DEBUG: Frame dimensions: (480, 640, 3)
2025-04-26 08:09:52,757 DEBUG: Frame dimensions: (480, 640, 3)
2025-04-26 08:09:52,779 INFO: Detected 1 hands
2025-04-26 08:09:52,780 DEBUG: Hand landmarks filtered due to low confidence
2025-04-26 08:09:52,804 DEBUG: Frame dimensions: (480, 640, 3)
2025-04-26 08:09:52,835 DEBUG: Frame dimensions: (480, 640, 3)
2025-04-26 08:09:52,865 DEBUG: Frame dimensions: (480, 640, 3)
2025-04-26 08:09:52,886 INFO: Detected 1 hands
2025-04-26 08:09:52,886 DEBUG: Hand landmarks filtered due to low confidence
2025-04-26 08:09:52,912 DEBUG: Frame dimensions: (480, 640, 3)
2025-04-26 08:09:52,944 DEBUG: Frame dimensions: (480, 640, 3)
2025-04-26 08:09:52,975 DEBUG: Frame dimensions: (480, 640, 3)
2025-04-26 08:09:53,002 INFO: Detected 1 hands
2025-04-26 08:09:53,002 DEBUG: Hand landmarks filtered due to low confidence
2025-04-26 08:09:53,023 DEBUG: Frame dimensions: (480, 640, 3)
2025-04-26 08:09:53,055 DEBUG: Frame dimensions: (480, 640, 3)
2025-04-26 08:09:53,086 DEBUG: Frame dimensions: (480, 640, 3)
2025-04-26 08:09:53,106 INFO: Detected 1 hands
2025-04-26 08:09:53,106 DEBUG: Hand landmarks filtered due to low confidence
2025-04-26 08:09:53,132 DEBUG: Frame dimensions: (480, 640, 3)
2025-04-26 08:09:53,155 DEBUG: Frame dimensions: (480, 640, 3)
2025-04-26 08:09:53,178 DEBUG: Frame dimensions: (480, 640, 3)
2025-04-26 08:09:53,198 INFO: Detected 1 hands
2025-04-26 08:09:53,198 DEBUG: Hand landmarks filtered due to low confidence
2025-04-26 08:09:53,225 DEBUG: Frame dimensions: (480, 640, 3)
2025-04-26 08:09:53,248 DEBUG: Frame dimensions: (480, 640, 3)
2025-04-26 08:09:53,271 DEBUG: Frame dimensions: (480, 640, 3)
2025-04-26 08:09:53,293 INFO: Detected 1 hands
2025-04-26 08:09:53,293 DEBUG: Hand landmarks filtered due to low confidence
2025-04-26 08:09:53,316 DEBUG: Frame dimensions: (480, 640, 3)
2025-04-26 08:09:53,341 DEBUG: Frame dimensions: (480, 640, 3)
2025-04-26 08:09:53,362 DEBUG: Frame dimensions: (480, 640, 3)
2025-04-26 08:09:53,384 INFO: Detected 1 hands
2025-04-26 08:09:53,384 DEBUG: Hand landmarks filtered due to low confidence
2025-04-26 08:09:53,408 DEBUG: Frame dimensions: (480, 640, 3)
2025-04-26 08:09:53,430 DEBUG: Frame dimensions: (480, 640, 3)
2025-04-26 08:09:53,452 DEBUG: Frame dimensions: (480, 640, 3)
2025-04-26 08:09:53,472 INFO: Detected 1 hands
2025-04-26 08:09:53,472 DEBUG: Hand landmarks filtered due to low confidence
2025-04-26 08:09:53,493 DEBUG: Frame dimensions: (480, 640, 3)
2025-04-26 08:09:53,514 DEBUG: Frame dimensions: (480, 640, 3)
2025-04-26 08:09:53,535 DEBUG: Frame dimensions: (480, 640, 3)
2025-04-26 08:09:53,556 INFO: Detected 1 hands
2025-04-26 08:09:53,556 DEBUG: Hand landmarks filtered due to low confidence
2025-04-26 08:09:53,579 DEBUG: Frame dimensions: (480, 640, 3)
2025-04-26 08:09:53,605 DEBUG: Frame dimensions: (480, 640, 3)
2025-04-26 08:09:53,626 DEBUG: Frame dimensions: (480, 640, 3)
2025-04-26 08:09:53,647 INFO: Detected 1 hands
2025-04-26 08:09:53,647 DEBUG: Hand landmarks filtered due to low confidence
2025-04-26 08:09:53,667 DEBUG: Frame dimensions: (480, 640, 3)
2025-04-26 08:09:53,692 DEBUG: Frame dimensions: (480, 640, 3)
2025-04-26 08:09:53,724 DEBUG: Frame dimensions: (480, 640, 3)
2025-04-26 08:09:53,744 INFO: Detected 1 hands
2025-04-26 08:09:53,744 DEBUG: Hand landmarks filtered due to low confidence
2025-04-26 08:09:53,767 DEBUG: Frame dimensions: (480, 640, 3)
2025-04-26 08:09:53,797 DEBUG: Frame dimensions: (480, 640, 3)
2025-04-26 08:09:53,828 DEBUG: Frame dimensions: (480, 640, 3)
2025-04-26 08:09:53,849 INFO: Detected 1 hands
2025-04-26 08:09:53,849 DEBUG: Hand landmarks filtered due to low confidence
2025-04-26 08:09:53,873 DEBUG: Frame dimensions: (480, 640, 3)
2025-04-26 08:09:53,904 DEBUG: Frame dimensions: (480, 640, 3)
2025-04-26 08:09:53,936 DEBUG: Frame dimensions: (480, 640, 3)
2025-04-26 08:09:53,959 INFO: Detected 1 hands
2025-04-26 08:09:53,959 DEBUG: Hand landmarks filtered due to low confidence
2025-04-26 08:09:53,981 DEBUG: Frame dimensions: (480, 640, 3)
2025-04-26 08:09:54,012 DEBUG: Frame dimensions: (480, 640, 3)
2025-04-26 08:09:54,043 DEBUG: Frame dimensions: (480, 640, 3)
2025-04-26 08:09:54,064 INFO: Detected 1 hands
2025-04-26 08:09:54,065 DEBUG: Hand landmarks filtered due to low confidence
2025-04-26 08:09:54,092 DEBUG: Frame dimensions: (480, 640, 3)
2025-04-26 08:09:54,123 DEBUG: Frame dimensions: (480, 640, 3)
2025-04-26 08:09:54,152 DEBUG: Frame dimensions: (480, 640, 3)
2025-04-26 08:09:54,172 INFO: Detected 1 hands
2025-04-26 08:09:54,173 DEBUG: Hand landmarks filtered due to low confidence
2025-04-26 08:09:54,207 DEBUG: Frame dimensions: (480, 640, 3)
2025-04-26 08:09:54,230 DEBUG: Frame dimensions: (480, 640, 3)
2025-04-26 08:09:54,260 DEBUG: Frame dimensions: (480, 640, 3)
2025-04-26 08:09:54,283 INFO: Detected 1 hands
2025-04-26 08:09:54,283 DEBUG: Hand landmarks filtered due to low confidence
2025-04-26 08:09:54,307 DEBUG: Frame dimensions: (480, 640, 3)
2025-04-26 08:09:54,337 DEBUG: Frame dimensions: (480, 640, 3)
2025-04-26 08:09:54,368 DEBUG: Frame dimensions: (480, 640, 3)
2025-04-26 08:09:54,390 INFO: Detected 1 hands
2025-04-26 08:09:54,390 DEBUG: Hand landmarks filtered due to low confidence
2025-04-26 08:09:54,415 DEBUG: Frame dimensions: (480, 640, 3)
2025-04-26 08:09:54,445 DEBUG: Frame dimensions: (480, 640, 3)
2025-04-26 08:09:54,474 DEBUG: Frame dimensions: (480, 640, 3)
2025-04-26 08:09:54,495 INFO: Detected 1 hands
2025-04-26 08:09:54,495 DEBUG: Hand landmarks filtered due to low confidence
2025-04-26 08:09:54,524 DEBUG: Frame dimensions: (480, 640, 3)
2025-04-26 08:09:54,552 DEBUG: Frame dimensions: (480, 640, 3)
2025-04-26 08:09:54,584 DEBUG: Frame dimensions: (480, 640, 3)
2025-04-26 08:09:54,605 INFO: Detected 1 hands
2025-04-26 08:09:54,605 DEBUG: Hand landmarks filtered due to low confidence
2025-04-26 08:09:54,629 DEBUG: Frame dimensions: (480, 640, 3)
2025-04-26 08:09:54,660 DEBUG: Frame dimensions: (480, 640, 3)
2025-04-26 08:09:54,692 DEBUG: Frame dimensions: (480, 640, 3)
2025-04-26 08:09:54,719 INFO: Detected 1 hands
2025-04-26 08:09:54,719 DEBUG: Hand landmarks filtered due to low confidence
2025-04-26 08:09:54,753 DEBUG: Frame dimensions: (480, 640, 3)
2025-04-26 08:09:54,786 DEBUG: Frame dimensions: (480, 640, 3)
2025-04-26 08:09:54,815 DEBUG: Frame dimensions: (480, 640, 3)
2025-04-26 08:09:54,835 INFO: Detected 1 hands
2025-04-26 08:09:54,835 DEBUG: Hand landmarks filtered due to low confidence
2025-04-26 08:09:54,862 DEBUG: Frame dimensions: (480, 640, 3)
2025-04-26 08:09:54,893 DEBUG: Frame dimensions: (480, 640, 3)
2025-04-26 08:09:54,924 DEBUG: Frame dimensions: (480, 640, 3)
2025-04-26 08:09:54,945 INFO: Detected 1 hands
2025-04-26 08:09:54,945 DEBUG: Hand landmarks filtered due to low confidence
2025-04-26 08:09:54,971 DEBUG: Frame dimensions: (480, 640, 3)
2025-04-26 08:09:55,002 DEBUG: Frame dimensions: (480, 640, 3)
2025-04-26 08:09:55,034 DEBUG: Frame dimensions: (480, 640, 3)
2025-04-26 08:09:55,062 INFO: Detected 1 hands
2025-04-26 08:09:55,062 DEBUG: Hand landmarks filtered due to low confidence
2025-04-26 08:09:55,096 DEBUG: Frame dimensions: (480, 640, 3)
2025-04-26 08:09:55,126 DEBUG: Frame dimensions: (480, 640, 3)
2025-04-26 08:09:55,158 DEBUG: Frame dimensions: (480, 640, 3)
2025-04-26 08:09:55,178 INFO: Detected 1 hands
2025-04-26 08:09:55,178 DEBUG: Hand landmarks filtered due to low confidence
2025-04-26 08:09:55,204 DEBUG: Frame dimensions: (480, 640, 3)
2025-04-26 08:09:55,234 DEBUG: Frame dimensions: (480, 640, 3)
2025-04-26 08:09:55,264 DEBUG: Frame dimensions: (480, 640, 3)
2025-04-26 08:09:55,285 INFO: Detected 1 hands
2025-04-26 08:09:55,285 DEBUG: Hand landmarks filtered due to low confidence
2025-04-26 08:09:55,310 DEBUG: Frame dimensions: (480, 640, 3)
2025-04-26 08:09:55,342 DEBUG: Frame dimensions: (480, 640, 3)
2025-04-26 08:09:55,373 DEBUG: Frame dimensions: (480, 640, 3)
2025-04-26 08:09:55,402 INFO: Detected 1 hands
2025-04-26 08:09:55,402 DEBUG: Hand landmarks filtered due to low confidence
2025-04-26 08:09:55,433 DEBUG: Frame dimensions: (480, 640, 3)
2025-04-26 08:09:55,464 DEBUG: Frame dimensions: (480, 640, 3)
2025-04-26 08:09:55,495 DEBUG: Frame dimensions: (480, 640, 3)
2025-04-26 08:09:55,522 INFO: Detected 1 hands
2025-04-26 08:09:55,522 DEBUG: Hand landmarks filtered due to low confidence
2025-04-26 08:09:55,556 DEBUG: Frame dimensions: (480, 640, 3)
2025-04-26 08:09:55,588 DEBUG: Frame dimensions: (480, 640, 3)
2025-04-26 08:09:55,617 DEBUG: Frame dimensions: (480, 640, 3)
2025-04-26 08:09:55,638 INFO: Detected 1 hands
2025-04-26 08:09:55,640 DEBUG: Hand landmarks filtered due to low confidence
2025-04-26 08:09:55,663 DEBUG: Frame dimensions: (480, 640, 3)
2025-04-26 08:09:55,694 DEBUG: Frame dimensions: (480, 640, 3)
2025-04-26 08:09:55,724 DEBUG: Frame dimensions: (480, 640, 3)
2025-04-26 08:09:55,743 INFO: Detected 1 hands
2025-04-26 08:09:55,745 DEBUG: Hand landmarks filtered due to low confidence
2025-04-26 08:09:55,789 DEBUG: Frame dimensions: (480, 640, 3)
2025-04-26 08:09:55,817 DEBUG: Frame dimensions: (480, 640, 3)
2025-04-26 08:09:55,848 DEBUG: Frame dimensions: (480, 640, 3)
2025-04-26 08:09:55,869 INFO: Detected 1 hands
2025-04-26 08:09:55,869 DEBUG: Hand landmarks filtered due to low confidence
2025-04-26 08:09:55,895 DEBUG: Frame dimensions: (480, 640, 3)
2025-04-26 08:09:55,925 DEBUG: Frame dimensions: (480, 640, 3)
2025-04-26 08:09:55,956 DEBUG: Frame dimensions: (480, 640, 3)
2025-04-26 08:09:55,981 INFO: Detected 1 hands
2025-04-26 08:09:55,981 DEBUG: Hand landmarks filtered due to low confidence
2025-04-26 08:09:56,020 DEBUG: Frame dimensions: (480, 640, 3)
2025-04-26 08:09:56,049 DEBUG: Frame dimensions: (480, 640, 3)
2025-04-26 08:09:56,079 DEBUG: Frame dimensions: (480, 640, 3)
2025-04-26 08:09:56,107 INFO: Detected 1 hands
2025-04-26 08:09:56,107 DEBUG: Hand landmarks filtered due to low confidence
2025-04-26 08:09:56,142 DEBUG: Frame dimensions: (480, 640, 3)
2025-04-26 08:09:56,174 DEBUG: Frame dimensions: (480, 640, 3)
2025-04-26 08:09:56,204 DEBUG: Frame dimensions: (480, 640, 3)
2025-04-26 08:09:56,232 INFO: Detected 1 hands
2025-04-26 08:09:56,232 DEBUG: Hand landmarks filtered due to low confidence
2025-04-26 08:09:56,264 DEBUG: Frame dimensions: (480, 640, 3)
2025-04-26 08:09:56,295 DEBUG: Frame dimensions: (480, 640, 3)
2025-04-26 08:09:56,327 DEBUG: Frame dimensions: (480, 640, 3)
2025-04-26 08:09:56,351 INFO: Detected 1 hands
2025-04-26 08:09:56,352 DEBUG: Hand landmarks filtered due to low confidence
2025-04-26 08:09:56,375 DEBUG: Frame dimensions: (480, 640, 3)
2025-04-26 08:09:56,404 DEBUG: Frame dimensions: (480, 640, 3)
2025-04-26 08:09:56,435 DEBUG: Frame dimensions: (480, 640, 3)
2025-04-26 08:09:56,455 INFO: Detected 1 hands
2025-04-26 08:09:56,456 DEBUG: Hand landmarks filtered due to low confidence
2025-04-26 08:09:56,483 DEBUG: Frame dimensions: (480, 640, 3)
2025-04-26 08:09:56,514 DEBUG: Frame dimensions: (480, 640, 3)
2025-04-26 08:09:56,545 DEBUG: Frame dimensions: (480, 640, 3)
2025-04-26 08:09:56,566 INFO: Detected 1 hands
2025-04-26 08:09:56,566 DEBUG: Hand landmarks filtered due to low confidence
2025-04-26 08:09:56,591 DEBUG: Frame dimensions: (480, 640, 3)
2025-04-26 08:09:56,621 DEBUG: Frame dimensions: (480, 640, 3)
2025-04-26 08:09:56,652 DEBUG: Frame dimensions: (480, 640, 3)
2025-04-26 08:09:56,675 INFO: Detected 1 hands
2025-04-26 08:09:56,677 DEBUG: Hand landmarks filtered due to low confidence
2025-04-26 08:09:56,701 DEBUG: Frame dimensions: (480, 640, 3)
2025-04-26 08:09:56,733 DEBUG: Frame dimensions: (480, 640, 3)
2025-04-26 08:09:56,797 DEBUG: Frame dimensions: (480, 640, 3)
2025-04-26 08:09:56,819 INFO: Detected 1 hands
2025-04-26 08:09:56,819 DEBUG: Hand landmarks filtered due to low confidence
2025-04-26 08:09:56,853 DEBUG: Frame dimensions: (480, 640, 3)
2025-04-26 08:09:56,883 DEBUG: Frame dimensions: (480, 640, 3)
2025-04-26 08:09:56,914 DEBUG: Frame dimensions: (480, 640, 3)
2025-04-26 08:09:56,935 INFO: Detected 1 hands
2025-04-26 08:09:56,935 DEBUG: Hand landmarks filtered due to low confidence
2025-04-26 08:09:56,969 DEBUG: Frame dimensions: (480, 640, 3)
2025-04-26 08:09:56,991 DEBUG: Frame dimensions: (480, 640, 3)
2025-04-26 08:09:57,022 DEBUG: Frame dimensions: (480, 640, 3)
2025-04-26 08:09:57,044 INFO: Detected 1 hands
2025-04-26 08:09:57,044 DEBUG: Hand landmarks filtered due to low confidence
2025-04-26 08:09:57,068 DEBUG: Frame dimensions: (480, 640, 3)
2025-04-26 08:09:57,100 DEBUG: Frame dimensions: (480, 640, 3)
2025-04-26 08:09:57,146 DEBUG: Frame dimensions: (480, 640, 3)
2025-04-26 08:09:57,167 INFO: Detected 1 hands
2025-04-26 08:09:57,167 DEBUG: Hand landmarks filtered due to low confidence
2025-04-26 08:09:57,198 DEBUG: Frame dimensions: (480, 640, 3)
2025-04-26 08:09:57,225 DEBUG: Frame dimensions: (480, 640, 3)
2025-04-26 08:09:57,249 DEBUG: Frame dimensions: (480, 640, 3)
2025-04-26 08:09:57,272 INFO: Detected 1 hands
2025-04-26 08:09:57,272 DEBUG: Hand landmarks filtered due to low confidence
2025-04-26 08:09:57,306 DEBUG: Frame dimensions: (480, 640, 3)
2025-04-26 08:09:57,347 DEBUG: Frame dimensions: (480, 640, 3)
2025-04-26 08:09:57,381 DEBUG: Frame dimensions: (480, 640, 3)
2025-04-26 08:09:57,408 INFO: Detected 1 hands
2025-04-26 08:09:57,408 DEBUG: Hand landmarks filtered due to low confidence
2025-04-26 08:09:57,429 DEBUG: Frame dimensions: (480, 640, 3)
2025-04-26 08:09:57,461 DEBUG: Frame dimensions: (480, 640, 3)
2025-04-26 08:09:57,492 DEBUG: Frame dimensions: (480, 640, 3)
2025-04-26 08:09:57,513 INFO: Detected 1 hands
2025-04-26 08:09:57,513 DEBUG: Hand landmarks filtered due to low confidence
2025-04-26 08:09:57,540 DEBUG: Frame dimensions: (480, 640, 3)
2025-04-26 08:09:57,570 DEBUG: Frame dimensions: (480, 640, 3)
2025-04-26 08:09:57,603 DEBUG: Frame dimensions: (480, 640, 3)
2025-04-26 08:09:57,623 INFO: Detected 1 hands
2025-04-26 08:09:57,623 DEBUG: Hand landmarks filtered due to low confidence
2025-04-26 08:09:57,649 DEBUG: Frame dimensions: (480, 640, 3)
2025-04-26 08:09:57,684 DEBUG: Frame dimensions: (480, 640, 3)
2025-04-26 08:09:57,710 DEBUG: Frame dimensions: (480, 640, 3)
2025-04-26 08:09:57,734 INFO: Detected 1 hands
2025-04-26 08:09:57,734 DEBUG: Hand landmarks filtered due to low confidence
2025-04-26 08:09:57,757 DEBUG: Frame dimensions: (480, 640, 3)
2025-04-26 08:09:57,788 DEBUG: Frame dimensions: (480, 640, 3)
2025-04-26 08:09:57,819 DEBUG: Frame dimensions: (480, 640, 3)
2025-04-26 08:09:57,841 INFO: Detected 1 hands
2025-04-26 08:09:57,841 DEBUG: Hand landmarks filtered due to low confidence
2025-04-26 08:09:57,868 DEBUG: Frame dimensions: (480, 640, 3)
2025-04-26 08:09:57,901 DEBUG: Frame dimensions: (480, 640, 3)
2025-04-26 08:09:57,940 DEBUG: Frame dimensions: (480, 640, 3)
2025-04-26 08:09:57,963 INFO: Detected 1 hands
2025-04-26 08:09:57,963 DEBUG: Hand landmarks filtered due to low confidence
2025-04-26 08:09:57,990 DEBUG: Frame dimensions: (480, 640, 3)
2025-04-26 08:09:58,021 DEBUG: Frame dimensions: (480, 640, 3)
2025-04-26 08:09:58,052 DEBUG: Frame dimensions: (480, 640, 3)
2025-04-26 08:09:58,073 INFO: Detected 1 hands
2025-04-26 08:09:58,073 DEBUG: Hand landmarks filtered due to low confidence
2025-04-26 08:09:58,099 DEBUG: Frame dimensions: (480, 640, 3)
2025-04-26 08:09:58,132 DEBUG: Frame dimensions: (480, 640, 3)
2025-04-26 08:09:58,163 DEBUG: Frame dimensions: (480, 640, 3)
2025-04-26 08:09:58,184 INFO: Detected 1 hands
2025-04-26 08:09:58,184 DEBUG: Hand landmarks filtered due to low confidence
2025-04-26 08:09:58,209 DEBUG: Frame dimensions: (480, 640, 3)
2025-04-26 08:09:58,240 DEBUG: Frame dimensions: (480, 640, 3)
2025-04-26 08:09:58,271 DEBUG: Frame dimensions: (480, 640, 3)
2025-04-26 08:09:58,290 DEBUG: No hand detected
2025-04-26 08:09:58,317 DEBUG: Frame dimensions: (480, 640, 3)
2025-04-26 08:09:58,349 DEBUG: Frame dimensions: (480, 640, 3)
2025-04-26 08:09:58,380 DEBUG: Frame dimensions: (480, 640, 3)
2025-04-26 08:09:58,431 DEBUG: No hand detected
2025-04-26 08:09:58,457 DEBUG: Frame dimensions: (480, 640, 3)
2025-04-26 08:09:58,488 DEBUG: Frame dimensions: (480, 640, 3)
2025-04-26 08:09:58,519 DEBUG: Frame dimensions: (480, 640, 3)
2025-04-26 08:09:58,561 DEBUG: No hand detected
2025-04-26 08:09:58,597 DEBUG: Frame dimensions: (480, 640, 3)
2025-04-26 08:09:58,627 DEBUG: Frame dimensions: (480, 640, 3)
2025-04-26 08:09:58,658 DEBUG: Frame dimensions: (480, 640, 3)
2025-04-26 08:09:58,701 DEBUG: No hand detected
2025-04-26 08:09:58,735 DEBUG: Frame dimensions: (480, 640, 3)
2025-04-26 08:09:58,766 DEBUG: Frame dimensions: (480, 640, 3)
2025-04-26 08:09:58,799 DEBUG: Frame dimensions: (480, 640, 3)
2025-04-26 08:09:58,847 DEBUG: No hand detected
2025-04-26 08:09:58,876 DEBUG: Frame dimensions: (480, 640, 3)
2025-04-26 08:09:58,908 DEBUG: Frame dimensions: (480, 640, 3)
2025-04-26 08:09:58,941 DEBUG: Frame dimensions: (480, 640, 3)
2025-04-26 08:09:58,984 DEBUG: No hand detected
2025-04-26 08:09:59,015 DEBUG: Frame dimensions: (480, 640, 3)
2025-04-26 08:09:59,046 DEBUG: Frame dimensions: (480, 640, 3)
2025-04-26 08:09:59,077 DEBUG: Frame dimensions: (480, 640, 3)
2025-04-26 08:09:59,126 DEBUG: No hand detected
2025-04-26 08:09:59,154 DEBUG: Frame dimensions: (480, 640, 3)
2025-04-26 08:09:59,185 DEBUG: Frame dimensions: (480, 640, 3)
2025-04-26 08:09:59,217 DEBUG: Frame dimensions: (480, 640, 3)
2025-04-26 08:09:59,268 DEBUG: No hand detected
2025-04-26 08:09:59,295 DEBUG: Frame dimensions: (480, 640, 3)
2025-04-26 08:09:59,326 DEBUG: Frame dimensions: (480, 640, 3)
2025-04-26 08:09:59,357 DEBUG: Frame dimensions: (480, 640, 3)
2025-04-26 08:09:59,400 DEBUG: No hand detected
2025-04-26 08:09:59,433 DEBUG: Frame dimensions: (480, 640, 3)
2025-04-26 08:09:59,466 DEBUG: Frame dimensions: (480, 640, 3)
2025-04-26 08:09:59,497 DEBUG: Frame dimensions: (480, 640, 3)
2025-04-26 08:09:59,547 DEBUG: No hand detected
2025-04-26 08:09:59,569 DEBUG: Frame dimensions: (480, 640, 3)
2025-04-26 08:09:59,591 DEBUG: Frame dimensions: (480, 640, 3)
2025-04-26 08:09:59,619 DEBUG: Frame dimensions: (480, 640, 3)
2025-04-26 08:09:59,665 DEBUG: No hand detected
2025-04-26 08:09:59,687 DEBUG: Frame dimensions: (480, 640, 3)
2025-04-26 08:09:59,709 DEBUG: Frame dimensions: (480, 640, 3)
2025-04-26 08:09:59,740 DEBUG: Frame dimensions: (480, 640, 3)
2025-04-26 08:09:59,782 DEBUG: No hand detected
2025-04-26 08:09:59,806 DEBUG: Frame dimensions: (480, 640, 3)
2025-04-26 08:09:59,839 DEBUG: Frame dimensions: (480, 640, 3)
2025-04-26 08:09:59,869 DEBUG: Frame dimensions: (480, 640, 3)
2025-04-26 08:09:59,913 DEBUG: No hand detected
2025-04-26 08:09:59,947 DEBUG: Frame dimensions: (480, 640, 3)
2025-04-26 08:09:59,980 DEBUG: Frame dimensions: (480, 640, 3)
2025-04-26 08:10:00,011 DEBUG: Frame dimensions: (480, 640, 3)
2025-04-26 08:10:00,056 DEBUG: No hand detected
2025-04-26 08:10:00,087 DEBUG: Frame dimensions: (480, 640, 3)
2025-04-26 08:10:00,125 DEBUG: Frame dimensions: (480, 640, 3)
2025-04-26 08:10:00,157 DEBUG: Frame dimensions: (480, 640, 3)
2025-04-26 08:10:00,213 DEBUG: No hand detected
2025-04-26 08:10:00,235 DEBUG: Frame dimensions: (480, 640, 3)
2025-04-26 08:10:00,260 DEBUG: Frame dimensions: (480, 640, 3)
2025-04-26 08:10:00,286 DEBUG: Frame dimensions: (480, 640, 3)
2025-04-26 08:10:00,328 DEBUG: No hand detected
2025-04-26 08:10:00,348 DEBUG: Frame dimensions: (480, 640, 3)
2025-04-26 08:10:00,369 DEBUG: Frame dimensions: (480, 640, 3)
2025-04-26 08:10:00,392 DEBUG: Frame dimensions: (480, 640, 3)
2025-04-26 08:10:00,437 DEBUG: No hand detected
2025-04-26 08:10:00,464 DEBUG: Frame dimensions: (480, 640, 3)
2025-04-26 08:10:00,495 DEBUG: Frame dimensions: (480, 640, 3)
2025-04-26 08:10:00,526 DEBUG: Frame dimensions: (480, 640, 3)
2025-04-26 08:10:00,576 DEBUG: No hand detected
2025-04-26 08:10:00,600 DEBUG: Frame dimensions: (480, 640, 3)
2025-04-26 08:10:00,622 DEBUG: Frame dimensions: (480, 640, 3)
2025-04-26 08:10:00,652 DEBUG: Frame dimensions: (480, 640, 3)
2025-04-26 08:10:00,696 DEBUG: No hand detected
2025-04-26 08:10:00,719 DEBUG: Frame dimensions: (480, 640, 3)
2025-04-26 08:10:00,742 DEBUG: Frame dimensions: (480, 640, 3)
2025-04-26 08:10:00,767 DEBUG: Frame dimensions: (480, 640, 3)
2025-04-26 08:10:00,815 DEBUG: No hand detected
2025-04-26 08:10:00,837 DEBUG: Frame dimensions: (480, 640, 3)
2025-04-26 08:10:00,866 DEBUG: Frame dimensions: (480, 640, 3)
2025-04-26 08:10:00,900 DEBUG: Frame dimensions: (480, 640, 3)
2025-04-26 08:10:00,943 DEBUG: No hand detected
2025-04-26 08:10:00,978 DEBUG: Frame dimensions: (480, 640, 3)
2025-04-26 08:10:01,008 DEBUG: Frame dimensions: (480, 640, 3)
2025-04-26 08:10:01,249 DEBUG: Frame dimensions: (480, 640, 3)
2025-04-26 08:10:01,292 DEBUG: No hand detected
2025-04-26 08:10:01,318 DEBUG: Frame dimensions: (480, 640, 3)
2025-04-26 08:10:01,346 DEBUG: Frame dimensions: (480, 640, 3)
2025-04-26 08:10:01,372 DEBUG: Frame dimensions: (480, 640, 3)
2025-04-26 08:10:01,419 DEBUG: No hand detected
2025-04-26 08:10:01,442 DEBUG: Frame dimensions: (480, 640, 3)
2025-04-26 08:10:01,470 DEBUG: Frame dimensions: (480, 640, 3)
2025-04-26 08:10:01,491 DEBUG: Frame dimensions: (480, 640, 3)
2025-04-26 08:10:01,535 DEBUG: No hand detected
2025-04-26 08:10:01,561 DEBUG: Frame dimensions: (480, 640, 3)
2025-04-26 08:10:01,582 DEBUG: Frame dimensions: (480, 640, 3)
2025-04-26 08:10:01,603 DEBUG: Frame dimensions: (480, 640, 3)
2025-04-26 08:10:01,646 DEBUG: No hand detected
2025-04-26 08:10:01,665 DEBUG: Frame dimensions: (480, 640, 3)
2025-04-26 08:10:01,687 DEBUG: Frame dimensions: (480, 640, 3)
2025-04-26 08:10:01,708 DEBUG: Frame dimensions: (480, 640, 3)
2025-04-26 08:10:01,751 DEBUG: No hand detected
2025-04-26 08:10:01,771 DEBUG: Frame dimensions: (480, 640, 3)
2025-04-26 08:10:01,791 DEBUG: Frame dimensions: (480, 640, 3)
2025-04-26 08:10:01,813 DEBUG: Frame dimensions: (480, 640, 3)
2025-04-26 08:10:01,855 DEBUG: No hand detected
2025-04-26 08:10:01,876 DEBUG: Frame dimensions: (480, 640, 3)
2025-04-26 08:10:01,897 DEBUG: Frame dimensions: (480, 640, 3)
2025-04-26 08:10:01,933 DEBUG: Frame dimensions: (480, 640, 3)
2025-04-26 08:10:01,976 DEBUG: No hand detected
2025-04-26 08:10:02,002 DEBUG: Frame dimensions: (480, 640, 3)
2025-04-26 08:10:02,032 DEBUG: Frame dimensions: (480, 640, 3)
2025-04-26 08:10:02,063 DEBUG: Frame dimensions: (480, 640, 3)
2025-04-26 08:10:02,105 DEBUG: No hand detected
2025-04-26 08:10:02,126 DEBUG: Frame dimensions: (480, 640, 3)
2025-04-26 08:10:02,156 DEBUG: Frame dimensions: (480, 640, 3)
2025-04-26 08:10:02,189 DEBUG: Frame dimensions: (480, 640, 3)
2025-04-26 08:10:02,233 DEBUG: No hand detected
2025-04-26 08:10:02,266 DEBUG: Frame dimensions: (480, 640, 3)
2025-04-26 08:10:02,296 DEBUG: Frame dimensions: (480, 640, 3)
2025-04-26 08:10:02,326 DEBUG: Frame dimensions: (480, 640, 3)
2025-04-26 08:10:02,379 DEBUG: No hand detected
2025-04-26 08:10:02,403 DEBUG: Frame dimensions: (480, 640, 3)
2025-04-26 08:10:02,433 DEBUG: Frame dimensions: (480, 640, 3)
2025-04-26 08:10:02,465 DEBUG: Frame dimensions: (480, 640, 3)
2025-04-26 08:10:02,507 DEBUG: No hand detected
2025-04-26 08:10:02,543 DEBUG: Frame dimensions: (480, 640, 3)
2025-04-26 08:10:02,572 DEBUG: Frame dimensions: (480, 640, 3)
2025-04-26 08:10:02,604 DEBUG: Frame dimensions: (480, 640, 3)
2025-04-26 08:10:02,647 DEBUG: No hand detected
2025-04-26 08:10:02,681 DEBUG: Frame dimensions: (480, 640, 3)
2025-04-26 08:10:02,713 DEBUG: Frame dimensions: (480, 640, 3)
2025-04-26 08:10:02,744 DEBUG: Frame dimensions: (480, 640, 3)
2025-04-26 08:10:02,797 DEBUG: No hand detected
2025-04-26 08:10:02,823 DEBUG: Frame dimensions: (480, 640, 3)
2025-04-26 08:10:02,855 DEBUG: Frame dimensions: (480, 640, 3)
2025-04-26 08:10:02,886 DEBUG: Frame dimensions: (480, 640, 3)
2025-04-26 08:10:02,929 DEBUG: No hand detected
2025-04-26 08:10:02,963 DEBUG: Frame dimensions: (480, 640, 3)
2025-04-26 08:10:03,555 INFO: Recognized text: 
2025-04-26 08:10:03,556 INFO: Text saved to recognized_text.txt
2025-04-26 08:10:03,557 DEBUG: Calling CoUninitialize()
2025-04-26 08:10:03,557 DEBUG: CoUninitialize() done.
2025-04-26 08:10:03,919 DEBUG: <comtypes.client._events.CreateEventReceiver.<locals>.Sink object at 0x000001F624653E10>.Release() -> 0
2025-04-26 08:10:03,920 DEBUG: 0 active COM objects: Removed <comtypes.client._events.CreateEventReceiver.<locals>.Sink object at 0x000001F624653E10>
2025-04-26 08:10:03,920 DEBUG: Remaining: []
